TN:
SF:src/app.js
FN:8,(anonymous_0)
FNF:1
FNH:1
FNDA:1,(anonymous_0)
DA:1,1
DA:2,1
DA:4,1
DA:6,1
DA:8,1
DA:9,1
DA:15,1
DA:17,1
LF:8
LH:8
BRF:0
BRH:0
end_of_record
TN:
SF:src/config/database.js
FNF:0
FNH:0
DA:1,1
DA:3,1
DA:11,1
LF:3
LH:3
BRDA:4,0,0,1
BRDA:4,0,1,1
BRDA:5,1,0,1
BRDA:5,1,1,1
BRDA:6,2,0,1
BRDA:6,2,1,1
BRDA:7,3,0,1
BRDA:7,3,1,1
BRDA:8,4,0,1
BRDA:8,4,1,1
BRF:10
BRH:10
end_of_record
TN:
SF:src/routes/productRoutes.js
FN:7,(anonymous_0)
FN:25,(anonymous_1)
FN:45,(anonymous_2)
FNF:3
FNH:1
FNDA:0,(anonymous_0)
FNDA:1,(anonymous_1)
FNDA:0,(anonymous_2)
DA:1,1
DA:2,1
DA:4,1
DA:7,1
DA:8,0
DA:9,0
DA:13,0
DA:16,0
DA:18,0
DA:25,1
DA:26,1
DA:27,1
DA:31,1
DA:36,0
DA:38,0
DA:45,1
DA:46,0
DA:47,0
DA:52,0
DA:53,0
DA:58,0
DA:61,0
DA:63,0
DA:69,1
LF:24
LH:10
BRDA:52,0,0,0
BRDA:52,0,1,0
BRF:2
BRH:0
end_of_record
